<wrapper>
	<users>
		<users>
			<id/>
			<firstName>Test-1</firstName>
			<lastName>upload1</lastName>
			<email>test.upload-1@test.com</email>
			<birthday>1966-01-17</birthday>
		</users>
		<users>
			<id/>
			<firstName>Test-2</firstName>
			<lastName>upload2</lastName>
			<email>test.upload-2@test.com</email>
			<birthday>1978-10-07</birthday>
		</users>
		<users>
			<id/>
			<firstName>Test-3</firstName>
			<lastName>upload3</lastName>
			<email>test.upload-3@test.com</email>
			<birthday>1990-09-30</birthday>
		</users>
		<users>
			<id/>
			<firstName>Test-4</firstName>
			<lastName>upload4</lastName>
			<email>test.upload-4@test.com</email>
			<birthday>1985-04-17</birthday>
		</users>
	</users>
</wrapper>