<wrapper>
	<events>
		<events>
			<id></id>
			<name>Best Electro Swing 2018</name>
			<price>19.99</price>
			<duration>7200</duration>
			<rating>HIGH</rating>
		</events>
	</events>
</wrapper>